<?xml version="1.0" ?>
<coverage version="7.6.0" timestamp="1722019611596" lines-valid="2" lines-covered="2" line-rate="1" branches-valid="0" branches-covered="0" branch-rate="1" complexity="0">
	<!-- Generated by coverage.py: https://coverage.readthedocs.io/en/7.6.0 -->
	<!-- Based on https://raw.githubusercontent.com/cobertura/web/master/htdocs/xml/coverage-04.dtd -->
	<sources>
		<source>/home/runner/work/ds-lk-default/ds-lk-default/src</source>
	</sources>
	<packages>
		<package name="gh_default" line-rate="1" branch-rate="1" complexity="0">
			<classes>
				<class name="hello.py" filename="gh_default/hello.py" complexity="0" line-rate="1" branch-rate="1">
					<methods/>
					<lines>
						<line number="4" hits="1"/>
						<line number="6" hits="1"/>
					</lines>
				</class>
			</classes>
		</package>
	</packages>
</coverage>
